
---------------------------------- Test 'feature' ----------------------------------

[05/01/2019 12:53:40] START-> feature

    ***Test Parameters = Submit data to airfrance.fr using contact us form

java.lang.AssertionError: Unable to wait and click on the WebElement, using locator: <By.xpath: //button[contains(text(),'Accepter')]>

    ***Result = FAILED

[05/01/2019 12:53:47] END  -> TestngTestRunner.TestNGCucumberMainRunner.feature

---

InputStream cannot be null

    ***Result = CONFIGURATION FAILED

[05/01/2019 12:53:48] END CONFIG -> TestngTestRunner.TestNGCucumberMainRunner.writeExtentReport

---


Total Passed = 0, Total Failed = 1, Total Skipped = 0

