
---------------------------------- Test 'feature' ----------------------------------

[05/01/2019 20:15:30] START-> feature

    ***Test Parameters = Submit data to airfrance.fr using contact us form

cucumber.runtime.CucumberException: Failed to instantiate class stepDefinitions.BaseTest

    ***Result = FAILED

[05/01/2019 20:15:31] END  -> TestngTestRunner.TestNGCucumberMainRunner.feature

---

InputStream cannot be null

    ***Result = CONFIGURATION FAILED

[05/01/2019 20:15:31] END CONFIG -> TestngTestRunner.TestNGCucumberMainRunner.writeExtentReport

---


Total Passed = 0, Total Failed = 1, Total Skipped = 0

