
---------------------------------- Test 'feature' ----------------------------------

[05/01/2019 20:26:52] START-> feature

    ***Test Parameters = Submit data to airfrance.fr using contact us form

java.lang.ClassCastException: com.sun.proxy.$Proxy23 cannot be cast to org.openqa.selenium.By

    ***Result = FAILED

[05/01/2019 20:27:00] END  -> TestngTestRunner.TestNGCucumberMainRunner.feature

---

InputStream cannot be null

    ***Result = CONFIGURATION FAILED

[05/01/2019 20:27:00] END CONFIG -> TestngTestRunner.TestNGCucumberMainRunner.writeExtentReport

---


Total Passed = 0, Total Failed = 1, Total Skipped = 0

