
---------------------------------- Test 'feature' ----------------------------------

[05/02/2019 00:10:35] START-> feature

    ***Test Parameters = Submit data to airfrance.fr using contact us form

java.lang.AssertionError: WebElement is NOT visible, Exception: null

    ***Result = FAILED

[05/02/2019 00:10:50] END  -> TestngTestRunner.TestNGCucumberMainRunner.feature

---

InputStream cannot be null

    ***Result = CONFIGURATION FAILED

[05/02/2019 00:10:50] END CONFIG -> TestngTestRunner.TestNGCucumberMainRunner.writeExtentReport

---


Total Passed = 0, Total Failed = 1, Total Skipped = 0

