
---------------------------------- Test 'feature' ----------------------------------

[05/01/2019 20:15:51] START-> feature

    ***Test Parameters = Submit data to airfrance.fr using contact us form

java.lang.AssertionError: WebElement is NOT visible, Exception: null

    ***Result = FAILED

[05/01/2019 20:16:09] END  -> TestngTestRunner.TestNGCucumberMainRunner.feature

---

InputStream cannot be null

    ***Result = CONFIGURATION FAILED

[05/01/2019 20:16:09] END CONFIG -> TestngTestRunner.TestNGCucumberMainRunner.writeExtentReport

---


Total Passed = 0, Total Failed = 1, Total Skipped = 0

